<?xml version="1.0" encoding="UTF-8"?>
<!-- Generated by org.testng.reporters.JUnitReportReporter -->
<testsuite hostname="kh170_temp" name="com.michaels.mobile.test.TC28_PLPSortByTest" tests="1" failures="0" timestamp="4 Oct 2018 20:26:28 GMT" time="90.043" errors="0">
  <testcase name="tc28_pLPSortByTest" time="90.043" classname="com.michaels.mobile.test.TC28_PLPSortByTest"/>
</testsuite> <!-- com.michaels.mobile.test.TC28_PLPSortByTest -->
