<?xml version="1.0" encoding="UTF-8"?>
<!-- Generated by org.testng.reporters.JUnitReportReporter -->
<testsuite hostname="kh170_temp" name="com.michaels.mobile.test.TC24_ProductBuyOnlineTest" tests="1" failures="0" timestamp="4 Oct 2018 20:26:28 GMT" time="85.987" errors="0">
  <testcase name="tc24_productBuyOnlineTest" time="85.987" classname="com.michaels.mobile.test.TC24_ProductBuyOnlineTest"/>
</testsuite> <!-- com.michaels.mobile.test.TC24_ProductBuyOnlineTest -->
