<?xml version="1.0" encoding="UTF-8"?>
<!-- Generated by org.testng.reporters.JUnitReportReporter -->
<testsuite hostname="kh170_temp" name="com.michaels.mobile.test.TC01_AppGuideTest" tests="1" failures="0" timestamp="4 Oct 2018 20:26:28 GMT" time="42.791" errors="0">
  <testcase name="tC01_appGuideTest" time="42.791" classname="com.michaels.mobile.test.TC01_AppGuideTest"/>
</testsuite> <!-- com.michaels.mobile.test.TC01_AppGuideTest -->
