<?xml version="1.0" encoding="UTF-8"?>
<!-- Generated by org.testng.reporters.JUnitReportReporter -->
<testsuite hostname="kh170_temp" name="com.michaels.mobile.test.TC05_CreateAccountSignInTest" tests="1" failures="0" timestamp="4 Oct 2018 20:26:28 GMT" time="152.540" errors="0">
  <testcase name="tc05_createAccountSignInTest" time="152.540" classname="com.michaels.mobile.test.TC05_CreateAccountSignInTest"/>
</testsuite> <!-- com.michaels.mobile.test.TC05_CreateAccountSignInTest -->
