<?xml version="1.0" encoding="UTF-8"?>
<!-- Generated by org.testng.reporters.JUnitReportReporter -->
<testsuite hostname="kh170_temp" name="com.michaels.mobile.test.TC41_TextSearchFrenchOneWordTest" tests="1" failures="0" timestamp="4 Oct 2018 20:26:28 GMT" time="80.675" errors="0">
  <testcase name="tc41_textSearchFrenchOneWordTest" time="80.675" classname="com.michaels.mobile.test.TC41_TextSearchFrenchOneWordTest"/>
</testsuite> <!-- com.michaels.mobile.test.TC41_TextSearchFrenchOneWordTest -->
