<?xml version="1.0" encoding="UTF-8"?>
<!-- Generated by org.testng.reporters.JUnitReportReporter -->
<testsuite hostname="kh170_temp" name="com.michaels.mobile.test.TC62_CouponAddToWalletTest" tests="1" failures="0" timestamp="4 Oct 2018 20:26:28 GMT" time="116.601" errors="0">
  <testcase name="tc62_couponAddToWalletTest" time="116.601" classname="com.michaels.mobile.test.TC62_CouponAddToWalletTest"/>
</testsuite> <!-- com.michaels.mobile.test.TC62_CouponAddToWalletTest -->
