<?xml version="1.0" encoding="UTF-8"?>
<!-- Generated by org.testng.reporters.JUnitReportReporter -->
<testsuite hostname="kh170_temp" name="com.michaels.mobile.test.TC49_SetFavouriteStoreFromMoreTest" tests="1" failures="0" timestamp="4 Oct 2018 20:26:28 GMT" time="101.172" errors="0">
  <testcase name="tc49_setFavouriteStoreFromMoreTest" time="101.172" classname="com.michaels.mobile.test.TC49_SetFavouriteStoreFromMoreTest"/>
</testsuite> <!-- com.michaels.mobile.test.TC49_SetFavouriteStoreFromMoreTest -->
