<?xml version="1.0" encoding="UTF-8"?>
<!-- Generated by org.testng.reporters.JUnitReportReporter -->
<testsuite hostname="kh170_temp" name="com.michaels.mobile.test.TC03_AppGuideSignInTest" tests="1" failures="0" timestamp="4 Oct 2018 20:26:28 GMT" time="77.719" errors="0">
  <testcase name="tc03_appGuideSignInTest" time="77.719" classname="com.michaels.mobile.test.TC03_AppGuideSignInTest"/>
</testsuite> <!-- com.michaels.mobile.test.TC03_AppGuideSignInTest -->
