<?xml version="1.0" encoding="UTF-8"?>
<!-- Generated by org.testng.reporters.JUnitReportReporter -->
<testsuite hostname="kh170_temp" name="com.michaels.mobile.test.TC36_PJLPRefineBySkillLevelTest" tests="1" failures="0" timestamp="4 Oct 2018 20:26:28 GMT" time="74.675" errors="0">
  <testcase name="tc36_pJLPRefineBySkillLevelTest" time="74.675" classname="com.michaels.mobile.test.TC36_PJLPRefineBySkillLevelTest"/>
</testsuite> <!-- com.michaels.mobile.test.TC36_PJLPRefineBySkillLevelTest -->
