<?xml version="1.0" encoding="UTF-8"?>
<!-- Generated by org.testng.reporters.JUnitReportReporter -->
<testsuite hostname="kh170_temp" name="com.michaels.mobile.test.TC27_ShowMoreUpto15ProductsTest" tests="1" failures="0" timestamp="4 Oct 2018 20:26:28 GMT" time="137.598" errors="0">
  <testcase name="tc27_showMoreUpto15ProductsTest" time="137.598" classname="com.michaels.mobile.test.TC27_ShowMoreUpto15ProductsTest"/>
</testsuite> <!-- com.michaels.mobile.test.TC27_ShowMoreUpto15ProductsTest -->
