<?xml version="1.0" encoding="UTF-8"?>
<!-- Generated by org.testng.reporters.JUnitReportReporter -->
<testsuite hostname="kh170_temp" name="com.michaels.mobile.test.TC21_CouponsSignInTest" tests="1" failures="0" timestamp="4 Oct 2018 20:26:28 GMT" time="113.653" errors="0">
  <testcase name="tc21_couponsSignInTest" time="113.653" classname="com.michaels.mobile.test.TC21_CouponsSignInTest"/>
</testsuite> <!-- com.michaels.mobile.test.TC21_CouponsSignInTest -->
