<?xml version="1.0" encoding="UTF-8"?>
<!-- Generated by org.testng.reporters.JUnitReportReporter -->
<testsuite hostname="kh170_temp" name="com.michaels.mobile.test.TC16_StoreMapTest" tests="1" failures="0" timestamp="4 Oct 2018 20:26:28 GMT" time="111.740" errors="0">
  <testcase name="tc16_storeMapTest" time="111.740" classname="com.michaels.mobile.test.TC16_StoreMapTest"/>
</testsuite> <!-- com.michaels.mobile.test.TC16_StoreMapTest -->
