<?xml version="1.0" encoding="UTF-8"?>
<!-- Generated by org.testng.reporters.JUnitReportReporter -->
<testsuite hostname="kh170_temp" name="com.michaels.mobile.test.TC04_CreateAccountAppGuideTest" tests="1" failures="0" timestamp="4 Oct 2018 20:26:28 GMT" time="141.046" errors="0">
  <testcase name="tc04_createAccountAppGuideTest" time="141.046" classname="com.michaels.mobile.test.TC04_CreateAccountAppGuideTest"/>
</testsuite> <!-- com.michaels.mobile.test.TC04_CreateAccountAppGuideTest -->
