<?xml version="1.0" encoding="UTF-8"?>
<!-- Generated by org.testng.reporters.JUnitReportReporter -->
<testsuite hostname="kh170_temp" name="com.michaels.mobile.test.TC57_HomePageTilesTest" tests="1" failures="0" timestamp="4 Oct 2018 20:26:28 GMT" time="50.027" errors="0">
  <testcase name="tc57_homePageTilesTest" time="50.027" classname="com.michaels.mobile.test.TC57_HomePageTilesTest"/>
</testsuite> <!-- com.michaels.mobile.test.TC57_HomePageTilesTest -->
