<?xml version="1.0" encoding="UTF-8"?>
<!-- Generated by org.testng.reporters.JUnitReportReporter -->
<testsuite hostname="kh170_temp" name="com.michaels.mobile.test.TC35_ProjectsBuyOnlineTest" tests="1" failures="0" timestamp="4 Oct 2018 20:26:28 GMT" time="93.356" errors="0">
  <testcase name="tc35_projectsBuyOnlineTest" time="93.356" classname="com.michaels.mobile.test.TC35_ProjectsBuyOnlineTest"/>
</testsuite> <!-- com.michaels.mobile.test.TC35_ProjectsBuyOnlineTest -->
