<?xml version="1.0" encoding="UTF-8"?>
<!-- Generated by org.testng.reporters.JUnitReportReporter -->
<testsuite hostname="kh170_temp" name="com.michaels.mobile.test.TC23_ProductAddToMyListNotSignedInTest" tests="1" failures="0" timestamp="4 Oct 2018 20:26:28 GMT" time="132.341" errors="0">
  <testcase name="tc23_productAddToMyListNotSignedInTest" time="132.341" classname="com.michaels.mobile.test.TC23_ProductAddToMyListNotSignedInTest"/>
</testsuite> <!-- com.michaels.mobile.test.TC23_ProductAddToMyListNotSignedInTest -->
