<?xml version="1.0" encoding="UTF-8"?>
<!-- Generated by org.testng.reporters.JUnitReportReporter -->
<testsuite hostname="kh170_temp" name="com.michaels.mobile.test.TC53_PJDPAddtoMyListNotLoggedIn" tests="1" failures="0" timestamp="4 Oct 2018 20:26:28 GMT" time="120.383" errors="0">
  <testcase name="tc53_pJDPAddtoMyListNotLoggedIn" time="120.383" classname="com.michaels.mobile.test.TC53_PJDPAddtoMyListNotLoggedIn"/>
</testsuite> <!-- com.michaels.mobile.test.TC53_PJDPAddtoMyListNotLoggedIn -->
