<?xml version="1.0" encoding="UTF-8"?>
<!-- Generated by org.testng.reporters.JUnitReportReporter -->
<testsuite hostname="kh170_temp" name="com.michaels.mobile.test.TC34_ProjectDetailsPageTest" tests="1" failures="0" timestamp="4 Oct 2018 20:26:28 GMT" time="67.213" errors="0">
  <testcase name="tc34_projectDetailsPageTest" time="67.213" classname="com.michaels.mobile.test.TC34_ProjectDetailsPageTest"/>
</testsuite> <!-- com.michaels.mobile.test.TC34_ProjectDetailsPageTest -->
