<?xml version="1.0" encoding="UTF-8"?>
<!-- Generated by org.testng.reporters.JUnitReportReporter -->
<testsuite hostname="kh170_temp" name="com.michaels.mobile.test.TC12_SetFavouriteStoreUsingAddressTest" tests="1" failures="0" timestamp="4 Oct 2018 20:26:28 GMT" time="107.408" errors="0">
  <testcase name="tc12_setFavouriteStoreUsingAddressTest" time="107.408" classname="com.michaels.mobile.test.TC12_SetFavouriteStoreUsingAddressTest"/>
</testsuite> <!-- com.michaels.mobile.test.TC12_SetFavouriteStoreUsingAddressTest -->
