<?xml version="1.0" encoding="UTF-8"?>
<!-- Generated by org.testng.reporters.JUnitReportReporter -->
<testsuite hostname="kh170_temp" name="com.michaels.mobile.test.TC11_SetFavouriteStoreUsingZipCodeTest" tests="1" failures="0" timestamp="4 Oct 2018 20:26:28 GMT" time="106.912" errors="0">
  <testcase name="tc11_setFavouriteStoreUsingZipCodeTest" time="106.912" classname="com.michaels.mobile.test.TC11_SetFavouriteStoreUsingZipCodeTest"/>
</testsuite> <!-- com.michaels.mobile.test.TC11_SetFavouriteStoreUsingZipCodeTest -->
