<?xml version="1.0" encoding="UTF-8"?>
<!-- Generated by org.testng.reporters.JUnitReportReporter -->
<testsuite hostname="kh170_temp" name="com.michaels.mobile.test.TC42_TextSearchFrenchTwoWordTest" tests="1" failures="0" timestamp="4 Oct 2018 20:26:28 GMT" time="75.371" errors="0">
  <testcase name="tc42_textSearchFrenchTwoWordTest" time="75.371" classname="com.michaels.mobile.test.TC42_TextSearchFrenchTwoWordTest"/>
</testsuite> <!-- com.michaels.mobile.test.TC42_TextSearchFrenchTwoWordTest -->
