<?xml version="1.0" encoding="UTF-8"?>
<!-- Generated by org.testng.reporters.JUnitReportReporter -->
<testsuite hostname="kh170_temp" name="com.michaels.mobile.test.TC52_ProjectsAddToMyListTest" tests="1" failures="0" timestamp="4 Oct 2018 20:26:28 GMT" time="130.890" errors="0">
  <testcase name="tc52_projectsAddToMyListTest" time="130.890" classname="com.michaels.mobile.test.TC52_ProjectsAddToMyListTest"/>
</testsuite> <!-- com.michaels.mobile.test.TC52_ProjectsAddToMyListTest -->
