<?xml version="1.0" encoding="UTF-8"?>
<!-- Generated by org.testng.reporters.JUnitReportReporter -->
<testsuite hostname="kh170_temp" name="com.michaels.mobile.test.TC59_CouponsListWithStoreSetTest" tests="1" failures="0" timestamp="4 Oct 2018 20:26:28 GMT" time="112.928" errors="0">
  <testcase name="tc59_couponsListWithStoreSetTest" time="112.928" classname="com.michaels.mobile.test.TC59_CouponsListWithStoreSetTest"/>
</testsuite> <!-- com.michaels.mobile.test.TC59_CouponsListWithStoreSetTest -->
