<?xml version="1.0" encoding="UTF-8"?>
<!-- Generated by org.testng.reporters.JUnitReportReporter -->
<testsuite hostname="kh170_temp" name="com.michaels.mobile.test.TC37_PJLPRefineByCraftingTimeTest" tests="1" failures="0" timestamp="4 Oct 2018 20:26:28 GMT" time="73.541" errors="0">
  <testcase name="tc37_pJLPRefineByCraftingTimeTest" time="73.541" classname="com.michaels.mobile.test.TC37_PJLPRefineByCraftingTimeTest"/>
</testsuite> <!-- com.michaels.mobile.test.TC37_PJLPRefineByCraftingTimeTest -->
