<?xml version="1.0" encoding="UTF-8"?>
<!-- Generated by org.testng.reporters.JUnitReportReporter -->
<testsuite hostname="kh170_temp" name="com.michaels.mobile.test.TC29_PLPShopByTest" tests="1" failures="0" timestamp="4 Oct 2018 20:26:28 GMT" time="91.644" errors="0">
  <testcase name="tc29_pLPShopByTest" time="91.644" classname="com.michaels.mobile.test.TC29_PLPShopByTest"/>
</testsuite> <!-- com.michaels.mobile.test.TC29_PLPShopByTest -->
