<?xml version="1.0" encoding="UTF-8"?>
<!-- Generated by org.testng.reporters.JUnitReportReporter -->
<testsuite hostname="kh170_temp" name="com.michaels.mobile.test.TC50_StoreInfoTest" tests="1" failures="0" timestamp="4 Oct 2018 20:26:28 GMT" time="106.944" errors="0">
  <testcase name="tc50_storeInfoTest" time="106.944" classname="com.michaels.mobile.test.TC50_StoreInfoTest"/>
</testsuite> <!-- com.michaels.mobile.test.TC50_StoreInfoTest -->
