<?xml version="1.0" encoding="UTF-8"?>
<!-- Generated by org.testng.reporters.JUnitReportReporter -->
<testsuite hostname="kh170_temp" name="com.michaels.mobile.test.TC45_SignInFromPDPTest" tests="1" failures="0" timestamp="4 Oct 2018 20:26:28 GMT" time="132.486" errors="0">
  <testcase name="tc45_signInFromPDPTest" time="132.486" classname="com.michaels.mobile.test.TC45_SignInFromPDPTest"/>
</testsuite> <!-- com.michaels.mobile.test.TC45_SignInFromPDPTest -->
