<?xml version="1.0" encoding="UTF-8"?>
<!-- Generated by org.testng.reporters.JUnitReportReporter -->
<testsuite hostname="kh170_temp" name="com.michaels.mobile.test.TC18_ProductsListPageTest" tests="1" failures="0" timestamp="4 Oct 2018 20:26:28 GMT" time="77.435" errors="0">
  <testcase name="tc18_productsListPageTest" time="77.435" classname="com.michaels.mobile.test.TC18_ProductsListPageTest"/>
</testsuite> <!-- com.michaels.mobile.test.TC18_ProductsListPageTest -->
