<?xml version="1.0" encoding="UTF-8"?>
<!-- Generated by org.testng.reporters.JUnitReportReporter -->
<testsuite hostname="kh170_temp" name="com.michaels.mobile.test.TC02_HomePageTest" tests="1" failures="0" timestamp="4 Oct 2018 20:26:28 GMT" time="12.592" errors="0">
  <testcase name="tc02_homePageTest" time="12.592" classname="com.michaels.mobile.test.TC02_HomePageTest"/>
</testsuite> <!-- com.michaels.mobile.test.TC02_HomePageTest -->
