<?xml version="1.0" encoding="UTF-8"?>
<!-- Generated by org.testng.reporters.JUnitReportReporter -->
<testsuite hostname="kh170_temp" name="com.michaels.mobile.test.TC08_HomePageCarouselTest" tests="1" failures="0" timestamp="4 Oct 2018 20:26:28 GMT" time="46.167" errors="0">
  <testcase name="tc08_homePageCarouselTest" time="46.167" classname="com.michaels.mobile.test.TC08_HomePageCarouselTest"/>
</testsuite> <!-- com.michaels.mobile.test.TC08_HomePageCarouselTest -->
