<?xml version="1.0" encoding="UTF-8"?>
<!-- Generated by org.testng.reporters.JUnitReportReporter -->
<testsuite hostname="kh170_temp" name="com.michaels.mobile.test.TC31_ProjectsLandingPageTest" tests="1" failures="0" timestamp="4 Oct 2018 20:26:28 GMT" time="46.925" errors="0">
  <testcase name="tc31_projectsLandingPageTest" time="46.925" classname="com.michaels.mobile.test.TC31_ProjectsLandingPageTest"/>
</testsuite> <!-- com.michaels.mobile.test.TC31_ProjectsLandingPageTest -->
