<?xml version="1.0" encoding="UTF-8"?>
<!-- Generated by org.testng.reporters.JUnitReportReporter -->
<testsuite hostname="kh170_temp" name="com.michaels.mobile.test.TC14_RemoveFavouriteStoreTest" tests="1" failures="0" timestamp="4 Oct 2018 20:26:28 GMT" time="114.836" errors="0">
  <testcase name="tc14_removeFavouriteStoreTest" time="114.836" classname="com.michaels.mobile.test.TC14_RemoveFavouriteStoreTest"/>
</testsuite> <!-- com.michaels.mobile.test.TC14_RemoveFavouriteStoreTest -->
