<?xml version="1.0" encoding="UTF-8"?>
<!-- Generated by org.testng.reporters.JUnitReportReporter -->
<testsuite hostname="kh170_temp" name="com.michaels.mobile.test.TC06_TC07_HomeTileClickTest" tests="1" failures="0" timestamp="4 Oct 2018 20:26:28 GMT" time="88.697" errors="0">
  <testcase name="tc06_tc07_homeTileClickTest" time="88.697" classname="com.michaels.mobile.test.TC06_TC07_HomeTileClickTest"/>
</testsuite> <!-- com.michaels.mobile.test.TC06_TC07_HomeTileClickTest -->
