<?xml version="1.0" encoding="UTF-8"?>
<!-- Generated by org.testng.reporters.JUnitReportReporter -->
<testsuite hostname="kh170_temp" name="com.michaels.mobile.test.SignInFromMyListScreen_TC44" tests="1" failures="0" timestamp="4 Sep 2018 05:22:32 GMT" time="36.744" errors="0">
  <testcase name="signInFromMyListScreen_TC44" time="36.744" classname="com.michaels.mobile.test.SignInFromMyListScreen_TC44"/>
</testsuite> <!-- com.michaels.mobile.test.SignInFromMyListScreen_TC44 -->
