<?xml version="1.0" encoding="UTF-8"?>
<!-- Generated by org.testng.reporters.JUnitReportReporter -->
<testsuite hostname="kh170_temp" name="com.michaels.mobile.test.ProjectsLandingPageTest" tests="1" failures="0" timestamp="4 Sep 2018 05:22:32 GMT" time="29.986" errors="0">
  <testcase name="projectsLandingPageTest_31" time="29.986" classname="com.michaels.mobile.test.ProjectsLandingPageTest"/>
</testsuite> <!-- com.michaels.mobile.test.ProjectsLandingPageTest -->
