<?xml version="1.0" encoding="UTF-8"?>
<!-- Generated by org.testng.reporters.JUnitReportReporter -->
<testsuite skipped="0" hostname="kh170_temp" name="com.michaels.mobile.test.TC61_CouponDetailsCloseButtonTest" tests="1" failures="0" timestamp="27 Sep 2018 06:44:25 GMT" time="115.780" errors="0">
  <testcase name="tc61_couponDetailsCloseButtonTest" time="115.780" classname="com.michaels.mobile.test.TC61_CouponDetailsCloseButtonTest"/>
</testsuite> <!-- com.michaels.mobile.test.TC61_CouponDetailsCloseButtonTest -->
