<?xml version="1.0" encoding="UTF-8"?>
<!-- Generated by org.testng.reporters.JUnitReportReporter -->
<testsuite skipped="0" hostname="kh170_temp" name="com.michaels.mobile.test.TC31_ProjectsLandingPageTest" tests="1" failures="0" timestamp="26 Sep 2018 18:17:26 GMT" time="47.172" errors="0">
  <testcase name="tc31_projectsLandingPageTest" time="47.172" classname="com.michaels.mobile.test.TC31_ProjectsLandingPageTest"/>
</testsuite> <!-- com.michaels.mobile.test.TC31_ProjectsLandingPageTest -->
