<?xml version="1.0" encoding="UTF-8"?>
<!-- Generated by org.testng.reporters.JUnitReportReporter -->
<testsuite skipped="0" hostname="kh170_temp" name="com.michaels.mobile.test.TC07_HomeTileClickTest" tests="1" failures="0" timestamp="25 Sep 2018 09:05:59 GMT" time="76.831" errors="0">
  <testcase name="tc06_tc07_homeTileClickTest" time="76.831" classname="com.michaels.mobile.test.TC07_HomeTileClickTest"/>
</testsuite> <!-- com.michaels.mobile.test.TC07_HomeTileClickTest -->
