<?xml version="1.0" encoding="UTF-8"?>
<!-- Generated by org.testng.reporters.JUnitReportReporter -->
<testsuite skipped="0" hostname="kh170_temp" name="com.michaels.mobile.test.TC38_TextSearchOneWordTest" tests="1" failures="0" timestamp="26 Sep 2018 18:17:26 GMT" time="67.582" errors="0">
  <testcase name="tc38_textSearchOneWordTest" time="67.582" classname="com.michaels.mobile.test.TC38_TextSearchOneWordTest"/>
</testsuite> <!-- com.michaels.mobile.test.TC38_TextSearchOneWordTest -->
