<?xml version="1.0" encoding="UTF-8"?>
<!-- Generated by org.testng.reporters.JUnitReportReporter -->
<testsuite skipped="0" hostname="kh170_temp" name="com.michaels.mobile.test.TC48_SignUpFromMoreMenuTest" tests="1" failures="0" timestamp="26 Sep 2018 18:17:26 GMT" time="158.600" errors="0">
  <testcase name="tc48_signUpFromMoreMenuTest" time="158.600" classname="com.michaels.mobile.test.TC48_SignUpFromMoreMenuTest"/>
</testsuite> <!-- com.michaels.mobile.test.TC48_SignUpFromMoreMenuTest -->
