<?xml version="1.0" encoding="UTF-8"?>
<!-- Generated by org.testng.reporters.JUnitReportReporter -->
<testsuite hostname="kh170_temp" name="com.kony.appiumtests.tests.SignInTest" tests="1" failures="0" timestamp="13 Aug 2018 12:54:18 GMT" time="21.780" errors="0">
  <testcase name="verifySignIn" time="21.780" classname="com.kony.appiumtests.tests.SignInTest"/>
</testsuite> <!-- com.kony.appiumtests.tests.SignInTest -->
