<?xml version="1.0" encoding="UTF-8"?>
<!-- Generated by org.testng.reporters.JUnitReportReporter -->
<testsuite skipped="0" hostname="kh170_temp" name="com.michaels.mobile.test.TC33_ProjectsListPageScrollTest" tests="1" failures="0" timestamp="26 Sep 2018 18:17:26 GMT" time="59.848" errors="0">
  <testcase name="tc33_projectsListPageScrollTest" time="59.848" classname="com.michaels.mobile.test.TC33_ProjectsListPageScrollTest"/>
</testsuite> <!-- com.michaels.mobile.test.TC33_ProjectsListPageScrollTest -->
