<?xml version="1.0" encoding="UTF-8"?>
<!-- Generated by org.testng.reporters.JUnitReportReporter -->
<testsuite hostname="kh170_temp" name="com.michaels.mobile.test.PJDPRefineBySkillLevel_TC36" tests="1" failures="0" timestamp="30 Aug 2018 10:15:04 GMT" time="42.672" errors="0">
  <testcase name="PJDPRefineBySkillLevel_TC36" time="42.672" classname="com.michaels.mobile.test.PJDPRefineBySkillLevel_TC36"/>
</testsuite> <!-- com.michaels.mobile.test.PJDPRefineBySkillLevel_TC36 -->
