<?xml version="1.0" encoding="UTF-8"?>
<!-- Generated by org.testng.reporters.JUnitReportReporter -->
<testsuite hostname="KITC13081" name="com.michaels.MichaelsTestAutomation.pages.TestClass" tests="1" failures="0" timestamp="13 Aug 2018 07:18:12 GMT" time="0.014" errors="0">
  <testcase name="m1" time="0.014" classname="com.michaels.MichaelsTestAutomation.pages.TestClass"/>
</testsuite> <!-- com.michaels.MichaelsTestAutomation.pages.TestClass -->
