<?xml version="1.0" encoding="UTF-8"?>
<!-- Generated by org.testng.reporters.JUnitReportReporter -->
<testsuite hostname="kh170_temp" name="com.michaels.mobile.test.ProductDetailsPageTest" tests="1" failures="0" timestamp="4 Sep 2018 05:22:32 GMT" time="51.081" errors="0">
  <testcase name="verifyProductDetailsPageTest_TC20" time="51.081" classname="com.michaels.mobile.test.ProductDetailsPageTest"/>
</testsuite> <!-- com.michaels.mobile.test.ProductDetailsPageTest -->
