<?xml version="1.0" encoding="UTF-8"?>
<!-- Generated by org.testng.reporters.JUnitReportReporter -->
<testsuite hostname="kh170_temp" name="com.michaels.mobile.test.ShowMoreUpto15Products_TC27" tests="1" failures="0" timestamp="4 Sep 2018 05:22:32 GMT" time="103.449" errors="0">
  <testcase name="showMoreUpto15Products_TC27" time="103.449" classname="com.michaels.mobile.test.ShowMoreUpto15Products_TC27"/>
</testsuite> <!-- com.michaels.mobile.test.ShowMoreUpto15Products_TC27 -->
