<?xml version="1.0" encoding="UTF-8"?>
<!-- Generated by org.testng.reporters.JUnitReportReporter -->
<testsuite hostname="kh170_temp" name="com.michaels.mobile.test.PLPShopByTest_TC29" tests="1" failures="0" timestamp="4 Sep 2018 05:22:32 GMT" time="54.589" errors="0">
  <testcase name="pLPSortByTest_TC28" time="54.589" classname="com.michaels.mobile.test.PLPShopByTest_TC29"/>
</testsuite> <!-- com.michaels.mobile.test.PLPShopByTest_TC29 -->
