<?xml version="1.0" encoding="UTF-8"?>
<!-- Generated by org.testng.reporters.JUnitReportReporter -->
<testsuite skipped="0" hostname="kh170_temp" name="com.michaels.mobile.test.TC40_TextSearchMorethan1WordTest" tests="1" failures="0" timestamp="26 Sep 2018 18:17:26 GMT" time="61.677" errors="0">
  <testcase name="tc40_textSearchMorethan1WordTest" time="61.677" classname="com.michaels.mobile.test.TC40_TextSearchMorethan1WordTest"/>
</testsuite> <!-- com.michaels.mobile.test.TC40_TextSearchMorethan1WordTest -->
