<?xml version="1.0" encoding="UTF-8"?>
<!-- Generated by org.testng.reporters.JUnitReportReporter -->
<testsuite hostname="kh170_temp" name="com.michaels.mobile.test.CreateAccountTest" tests="1" failures="0" timestamp="17 Aug 2018 10:05:29 GMT" time="66.263" errors="0">
  <testcase name="verify_AppGuideCreateAccount" time="66.263" classname="com.michaels.mobile.test.CreateAccountTest"/>
</testsuite> <!-- com.michaels.mobile.test.CreateAccountTest -->
