<?xml version="1.0" encoding="UTF-8"?>
<!-- Generated by org.testng.reporters.JUnitReportReporter -->
<testsuite hostname="kh170_temp" name="com.michaels.mobile.test.PJLPRefineBySkillLevel_TC36" tests="1" failures="0" timestamp="4 Sep 2018 05:22:32 GMT" time="42.632" errors="0">
  <testcase name="pJLPRefineBySkillLevel_TC36" time="42.632" classname="com.michaels.mobile.test.PJLPRefineBySkillLevel_TC36"/>
</testsuite> <!-- com.michaels.mobile.test.PJLPRefineBySkillLevel_TC36 -->
