<?xml version="1.0" encoding="UTF-8"?>
<!-- Generated by org.testng.reporters.JUnitReportReporter -->
<testsuite hostname="kh170_temp" name="com.michaels.mobile.test.PLPShoByTest_TC29" tests="1" failures="0" timestamp="29 Aug 2018 12:01:29 GMT" time="51.097" errors="0">
  <testcase name="pLPSortByTest_TC28" time="51.097" classname="com.michaels.mobile.test.PLPShoByTest_TC29"/>
</testsuite> <!-- com.michaels.mobile.test.PLPShoByTest_TC29 -->
