<?xml version="1.0" encoding="UTF-8"?>
<!-- Generated by org.testng.reporters.JUnitReportReporter -->
<testsuite skipped="0" hostname="kh170_temp" name="com.michaels.mobile.test.TC01_AppGuideTest" tests="1" failures="0" timestamp="25 Sep 2018 09:19:46 GMT" time="41.833" errors="0">
  <testcase name="tC01_appGuideTest" time="41.833" classname="com.michaels.mobile.test.TC01_AppGuideTest"/>
</testsuite> <!-- com.michaels.mobile.test.TC01_AppGuideTest -->
