<?xml version="1.0" encoding="UTF-8"?>
<!-- Generated by org.testng.reporters.JUnitReportReporter -->
<testsuite skipped="0" hostname="kh170_temp" name="com.michaels.mobile.test.TC04_CreateAccountAppGuideTest" tests="1" failures="0" timestamp="26 Sep 2018 11:58:10 GMT" time="132.837" errors="0">
  <testcase name="tc04_createAccountAppGuideTest" time="132.837" classname="com.michaels.mobile.test.TC04_CreateAccountAppGuideTest"/>
</testsuite> <!-- com.michaels.mobile.test.TC04_CreateAccountAppGuideTest -->
