<?xml version="1.0" encoding="UTF-8"?>
<!-- Generated by org.testng.reporters.JUnitReportReporter -->
<testsuite skipped="0" hostname="kh170_temp" name="com.michaels.mobile.test.TC37_PJLPRefineByCraftingTimeTest" tests="1" failures="0" timestamp="26 Sep 2018 18:17:26 GMT" time="69.837" errors="0">
  <testcase name="tc37_pJLPRefineByCraftingTimeTest" time="69.837" classname="com.michaels.mobile.test.TC37_PJLPRefineByCraftingTimeTest"/>
</testsuite> <!-- com.michaels.mobile.test.TC37_PJLPRefineByCraftingTimeTest -->
