<?xml version="1.0" encoding="UTF-8"?>
<!-- Generated by org.testng.reporters.JUnitReportReporter -->
<testsuite hostname="kh170_temp" name="com.michaels.mobile.test.HomeCarouselTest" tests="1" failures="0" timestamp="4 Sep 2018 05:22:32 GMT" time="31.166" errors="0">
  <testcase name="verify_Carousel" time="31.166" classname="com.michaels.mobile.test.HomeCarouselTest"/>
</testsuite> <!-- com.michaels.mobile.test.HomeCarouselTest -->
