<?xml version="1.0" encoding="UTF-8"?>
<!-- Generated by org.testng.reporters.JUnitReportReporter -->
<testsuite hostname="kh170_temp" name="com.michaels.mobile.test.CreateAccountSignInTest" tests="1" failures="0" timestamp="28 Aug 2018 13:56:37 GMT" time="68.917" errors="0">
  <testcase name="verify_SignInCreateAccount" time="68.917" classname="com.michaels.mobile.test.CreateAccountSignInTest"/>
</testsuite> <!-- com.michaels.mobile.test.CreateAccountSignInTest -->
