<?xml version="1.0" encoding="UTF-8"?>
<!-- Generated by org.testng.reporters.JUnitReportReporter -->
<testsuite hostname="kh170_temp" name="com.michaels.mobile.test.ProjectsAddToMyListTest" tests="1" failures="0" timestamp="28 Aug 2018 13:56:37 GMT" time="86.262" errors="0">
  <testcase name="ProjectsAddToMyListTest_TC52" time="86.262" classname="com.michaels.mobile.test.ProjectsAddToMyListTest"/>
</testsuite> <!-- com.michaels.mobile.test.ProjectsAddToMyListTest -->
