<?xml version="1.0" encoding="UTF-8"?>
<!-- Generated by org.testng.reporters.JUnitReportReporter -->
<testsuite skipped="0" hostname="kh170_temp" name="com.michaels.mobile.test.TC60_CouponsViewRestrictionsTest" tests="1" failures="0" timestamp="27 Sep 2018 06:44:25 GMT" time="111.364" errors="0">
  <testcase name="tc60_couponsViewRestrictionsTest" time="111.364" classname="com.michaels.mobile.test.TC60_CouponsViewRestrictionsTest"/>
</testsuite> <!-- com.michaels.mobile.test.TC60_CouponsViewRestrictionsTest -->
