<?xml version="1.0" encoding="UTF-8"?>
<!-- Generated by org.testng.reporters.JUnitReportReporter -->
<testsuite hostname="KITC13081" name="com.kony.michaels.MichaelsTestAutomation.pages.TestClass" tests="1" failures="0" timestamp="10 Aug 2018 10:30:39 GMT" time="0.016" errors="0">
  <testcase name="m1" time="0.016" classname="com.kony.michaels.MichaelsTestAutomation.pages.TestClass"/>
</testsuite> <!-- com.kony.michaels.MichaelsTestAutomation.pages.TestClass -->
