<?xml version="1.0" encoding="UTF-8"?>
<!-- Generated by org.testng.reporters.JUnitReportReporter -->
<testsuite hostname="kh170_temp" name="com.michaels.mobile.test.AppGuideTest" tests="1" failures="0" timestamp="28 Aug 2018 13:56:37 GMT" time="16.833" errors="0">
  <testcase name="verify_AppGuide_TC01" time="16.833" classname="com.michaels.mobile.test.AppGuideTest"/>
</testsuite> <!-- com.michaels.mobile.test.AppGuideTest -->
