<?xml version="1.0" encoding="UTF-8"?>
<!-- Generated by org.testng.reporters.JUnitReportReporter -->
<testsuite hostname="kh170_temp" name="com.michaels.mobile.test.ProjectsBuyOnlineTest" tests="1" failures="0" timestamp="4 Sep 2018 05:22:32 GMT" time="53.409" errors="0">
  <testcase name="ProjectsAddToMyListTest_TC52" time="53.409" classname="com.michaels.mobile.test.ProjectsBuyOnlineTest"/>
</testsuite> <!-- com.michaels.mobile.test.ProjectsBuyOnlineTest -->
