<?xml version="1.0" encoding="UTF-8"?>
<!-- Generated by org.testng.reporters.JUnitReportReporter -->
<testsuite hostname="kh170_temp" name="com.michaels.mobile.test.HomeTest" tests="1" failures="0" timestamp="17 Aug 2018 11:44:14 GMT" time="4.319" errors="0">
  <testcase name="verifySignIn" time="4.319" classname="com.michaels.mobile.test.HomeTest"/>
</testsuite> <!-- com.michaels.mobile.test.HomeTest -->
