<?xml version="1.0" encoding="UTF-8"?>
<!-- Generated by org.testng.reporters.JUnitReportReporter -->
<testsuite skipped="0" hostname="kh170_temp" name="com.michaels.mobile.test.TC27_ShowMoreUpto15ProductsTest" tests="1" failures="0" timestamp="25 Sep 2018 08:21:16 GMT" time="155.839" errors="0">
  <testcase name="tc27_showMoreUpto15ProductsTest" time="155.839" classname="com.michaels.mobile.test.TC27_ShowMoreUpto15ProductsTest"/>
</testsuite> <!-- com.michaels.mobile.test.TC27_ShowMoreUpto15ProductsTest -->
