<?xml version="1.0" encoding="UTF-8"?>
<!-- Generated by org.testng.reporters.JUnitReportReporter -->
<testsuite hostname="kh170_temp" name="com.michaels.mobile.test.TC11_SetFavouriteStoreTest" tests="1" failures="0" timestamp="6 Sep 2018 10:05:06 GMT" time="83.681" errors="0">
  <testcase name="tc11_setFavouriteStoreTest" time="83.681" classname="com.michaels.mobile.test.TC11_SetFavouriteStoreTest"/>
</testsuite> <!-- com.michaels.mobile.test.TC11_SetFavouriteStoreTest -->
