<?xml version="1.0" encoding="UTF-8"?>
<!-- Generated by org.testng.reporters.JUnitReportReporter -->
<testsuite skipped="0" hostname="kh170_temp" name="com.michaels.mobile.test.TC09_HomeCarouselClickNavigateTest" tests="1" failures="0" timestamp="25 Sep 2018 13:32:38 GMT" time="159.786" errors="0">
  <testcase name="tc09_homeCarouselClickNavigateTest" time="159.786" classname="com.michaels.mobile.test.TC09_HomeCarouselClickNavigateTest"/>
</testsuite> <!-- com.michaels.mobile.test.TC09_HomeCarouselClickNavigateTest -->
