<?xml version="1.0" encoding="UTF-8"?>
<!-- Generated by org.testng.reporters.JUnitReportReporter -->
<testsuite hostname="kh170_temp" name="com.michaels.mobile.test.HomeTilesTest" tests="1" failures="0" timestamp="4 Sep 2018 05:22:32 GMT" time="24.532" errors="0">
  <testcase name="verifyHomePageTiles_TC57" time="24.532" classname="com.michaels.mobile.test.HomeTilesTest"/>
</testsuite> <!-- com.michaels.mobile.test.HomeTilesTest -->
