<?xml version="1.0" encoding="UTF-8"?>
<!-- Generated by org.testng.reporters.JUnitReportReporter -->
<testsuite hostname="kh170_temp" name="com.michaels.mobile.test.SignInFromPDP_TC45" tests="1" failures="0" timestamp="4 Sep 2018 05:22:32 GMT" time="58.574" errors="0">
  <testcase name="signInFromPDP_TC45" time="58.574" classname="com.michaels.mobile.test.SignInFromPDP_TC45"/>
</testsuite> <!-- com.michaels.mobile.test.SignInFromPDP_TC45 -->
