<?xml version="1.0" encoding="UTF-8"?>
<!-- Generated by org.testng.reporters.JUnitReportReporter -->
<testsuite skipped="0" hostname="kh170_temp" name="com.michaels.mobile.test.TC03_AppGuideSignInTest" tests="1" failures="0" timestamp="25 Sep 2018 13:32:38 GMT" time="77.164" errors="0">
  <testcase name="tc03_appGuideSignInTest" time="77.164" classname="com.michaels.mobile.test.TC03_AppGuideSignInTest"/>
</testsuite> <!-- com.michaels.mobile.test.TC03_AppGuideSignInTest -->
