<?xml version="1.0" encoding="UTF-8"?>
<!-- Generated by org.testng.reporters.JUnitReportReporter -->
<testsuite hostname="kh170_temp" name="com.kony.appiumtests.tests.HomeTest" tests="1" failures="0" timestamp="13 Aug 2018 11:02:05 GMT" time="2.249" errors="0">
  <testcase name="verifySignIn" time="2.249" classname="com.kony.appiumtests.tests.HomeTest"/>
</testsuite> <!-- com.kony.appiumtests.tests.HomeTest -->
