<?xml version="1.0" encoding="UTF-8"?>
<!-- Generated by org.testng.reporters.JUnitReportReporter -->
<testsuite skipped="0" hostname="kh170_temp" name="com.michaels.mobile.test.TC18_ProductsListPageTest" tests="1" failures="0" timestamp="25 Sep 2018 08:21:16 GMT" time="71.763" errors="0">
  <testcase name="tc18_productsListPageTest" time="71.763" classname="com.michaels.mobile.test.TC18_ProductsListPageTest"/>
</testsuite> <!-- com.michaels.mobile.test.TC18_ProductsListPageTest -->
