<?xml version="1.0" encoding="UTF-8"?>
<!-- Generated by org.testng.reporters.JUnitReportReporter -->
<testsuite hostname="KITC13081" name="com.michaels.MichaelsTestAutomation.test.TestClass" tests="1" failures="0" timestamp="14 Aug 2018 06:26:40 GMT" time="0.000" errors="0">
  <testcase name="tc_01" time="0.000" classname="com.michaels.MichaelsTestAutomation.test.TestClass"/>
</testsuite> <!-- com.michaels.MichaelsTestAutomation.test.TestClass -->
