<?xml version="1.0" encoding="UTF-8"?>
<!-- Generated by org.testng.reporters.JUnitReportReporter -->
<testsuite skipped="0" hostname="kh170_temp" name="com.michaels.mobile.test.TC08_HomePageCarouselTest" tests="1" failures="0" timestamp="25 Sep 2018 13:32:38 GMT" time="48.217" errors="0">
  <testcase name="tc08_homePageCarouselTest" time="48.217" classname="com.michaels.mobile.test.TC08_HomePageCarouselTest"/>
</testsuite> <!-- com.michaels.mobile.test.TC08_HomePageCarouselTest -->
