<?xml version="1.0" encoding="UTF-8"?>
<!-- Generated by org.testng.reporters.JUnitReportReporter -->
<testsuite hostname="kh170_temp" name="com.michaels.mobile.test.AddToMyListNotSignedInTest" tests="1" failures="0" timestamp="4 Sep 2018 05:22:32 GMT" time="57.942" errors="0">
  <testcase name="verifyAddToMyListNotLoggedInTest_TC23" time="57.942" classname="com.michaels.mobile.test.AddToMyListNotSignedInTest"/>
</testsuite> <!-- com.michaels.mobile.test.AddToMyListNotSignedInTest -->
