<?xml version="1.0" encoding="UTF-8"?>
<!-- Generated by org.testng.reporters.JUnitReportReporter -->
<testsuite skipped="0" hostname="kh170_temp" name="com.michaels.mobile.test.TC20_ProductDetailsPageTest" tests="1" failures="0" timestamp="25 Sep 2018 13:32:38 GMT" time="100.669" errors="0">
  <testcase name="tc20_productDetailsPageTest" time="100.669" classname="com.michaels.mobile.test.TC20_ProductDetailsPageTest"/>
</testsuite> <!-- com.michaels.mobile.test.TC20_ProductDetailsPageTest -->
