<?xml version="1.0" encoding="UTF-8"?>
<!-- Generated by org.testng.reporters.JUnitReportReporter -->
<testsuite hostname="kh170_temp" name="com.michaels.mobile.test.RewardsProfileSetUpWithCreateAccount_TC65" tests="1" failures="0" timestamp="4 Sep 2018 05:22:32 GMT" time="96.858" errors="0">
  <testcase name="verify_SignInCreateAccount" time="96.858" classname="com.michaels.mobile.test.RewardsProfileSetUpWithCreateAccount_TC65"/>
</testsuite> <!-- com.michaels.mobile.test.RewardsProfileSetUpWithCreateAccount_TC65 -->
