<?xml version="1.0" encoding="UTF-8"?>
<!-- Generated by org.testng.reporters.JUnitReportReporter -->
<testsuite hostname="kh170_temp" name="com.michaels.mobile.test.RecommendedProductsPDPTest" tests="1" failures="0" timestamp="4 Sep 2018 05:22:32 GMT" time="59.371" errors="0">
  <testcase name="recommendedProductsPDPTest_TC26" time="59.371" classname="com.michaels.mobile.test.RecommendedProductsPDPTest"/>
</testsuite> <!-- com.michaels.mobile.test.RecommendedProductsPDPTest -->
