<?xml version="1.0" encoding="UTF-8"?>
<!-- Generated by org.testng.reporters.JUnitReportReporter -->
<testsuite hostname="kh170_temp" name="com.michaels.MichaelsTestAutomation.test.AppGuideTest" tests="1" failures="0" timestamp="16 Aug 2018 07:53:34 GMT" time="10.732" errors="0">
  <testcase name="verify_AppGuide" time="10.732" classname="com.michaels.MichaelsTestAutomation.test.AppGuideTest"/>
</testsuite> <!-- com.michaels.MichaelsTestAutomation.test.AppGuideTest -->
