<?xml version="1.0" encoding="UTF-8"?>
<!-- Generated by org.testng.reporters.JUnitReportReporter -->
<testsuite hostname="kh170_temp" name="com.michaels.mobile.test.ProductsListPageScrollTest" tests="1" failures="0" timestamp="4 Sep 2018 05:22:32 GMT" time="46.742" errors="0">
  <testcase name="verifyProductsListPageScrollTest_TC19" time="46.742" classname="com.michaels.mobile.test.ProductsListPageScrollTest"/>
</testsuite> <!-- com.michaels.mobile.test.ProductsListPageScrollTest -->
