<?xml version="1.0" encoding="UTF-8"?>
<!-- Generated by org.testng.reporters.JUnitReportReporter -->
<testsuite skipped="0" hostname="kh170_temp" name="com.michaels.mobile.test.TC41_TextSearchFrenchOneWordTest" tests="1" failures="0" timestamp="27 Sep 2018 06:44:25 GMT" time="75.397" errors="0">
  <testcase name="tc41_textSearchFrenchOneWordTest" time="75.397" classname="com.michaels.mobile.test.TC41_TextSearchFrenchOneWordTest"/>
</testsuite> <!-- com.michaels.mobile.test.TC41_TextSearchFrenchOneWordTest -->
