<?xml version="1.0" encoding="UTF-8"?>
<!-- Generated by org.testng.reporters.JUnitReportReporter -->
<testsuite hostname="kh170_temp" name="com.michaels.mobile.test.BuyOnlineTest" tests="1" failures="0" timestamp="4 Sep 2018 05:22:32 GMT" time="62.386" errors="0">
  <testcase name="verifyBuyOnlineTest_TC24" time="62.386" classname="com.michaels.mobile.test.BuyOnlineTest"/>
</testsuite> <!-- com.michaels.mobile.test.BuyOnlineTest -->
