<?xml version="1.0" encoding="UTF-8"?>
<!-- Generated by org.testng.reporters.JUnitReportReporter -->
<testsuite hostname="kh170_temp" name="com.michaels.MichaelsTestAutomation.test.AppGuideSignInTest" tests="1" failures="0" timestamp="16 Aug 2018 09:51:37 GMT" time="17.026" errors="0">
  <testcase name="verify_AppGuideSignIn" time="17.026" classname="com.michaels.MichaelsTestAutomation.test.AppGuideSignInTest"/>
</testsuite> <!-- com.michaels.MichaelsTestAutomation.test.AppGuideSignInTest -->
