<?xml version="1.0" encoding="UTF-8"?>
<!-- Generated by org.testng.reporters.JUnitReportReporter -->
<testsuite hostname="kh170_temp" name="com.michaels.mobile.test.ProjectsListPageScrollTest" tests="1" failures="0" timestamp="4 Sep 2018 05:22:32 GMT" time="39.983" errors="0">
  <testcase name="projectsListPageTest_TC32" time="39.983" classname="com.michaels.mobile.test.ProjectsListPageScrollTest"/>
</testsuite> <!-- com.michaels.mobile.test.ProjectsListPageScrollTest -->
