<?xml version="1.0" encoding="UTF-8"?>
<!-- Generated by org.testng.reporters.JUnitReportReporter -->
<testsuite skipped="0" hostname="kh170_temp" name="com.michaels.mobile.test.TC28_PLPSortByTest" tests="1" failures="0" timestamp="25 Sep 2018 14:31:13 GMT" time="230.609" errors="0">
  <testcase name="tc28_pLPSortByTest" time="230.609" classname="com.michaels.mobile.test.TC28_PLPSortByTest"/>
</testsuite> <!-- com.michaels.mobile.test.TC28_PLPSortByTest -->
