<?xml version="1.0" encoding="UTF-8"?>
<!-- Generated by org.testng.reporters.JUnitReportReporter -->
<testsuite hostname="kh170_temp" name="com.michaels.mobile.test.SignInFromPJDP_TC46" tests="1" failures="0" timestamp="4 Sep 2018 05:22:32 GMT" time="64.608" errors="0">
  <testcase name="signInFromPJDP_TC46" time="64.608" classname="com.michaels.mobile.test.SignInFromPJDP_TC46"/>
</testsuite> <!-- com.michaels.mobile.test.SignInFromPJDP_TC46 -->
