<?xml version="1.0" encoding="UTF-8"?>
<!-- Generated by org.testng.reporters.JUnitReportReporter -->
<testsuite skipped="0" hostname="kh170_temp" name="com.michaels.mobile.test.TC02_HomePageTest" tests="1" failures="0" timestamp="25 Sep 2018 08:21:16 GMT" time="12.396" errors="0">
  <testcase name="tc02_homePageTest" time="12.396" classname="com.michaels.mobile.test.TC02_HomePageTest"/>
</testsuite> <!-- com.michaels.mobile.test.TC02_HomePageTest -->
