<?xml version="1.0" encoding="UTF-8"?>
<!-- Generated by org.testng.reporters.JUnitReportReporter -->
<testsuite skipped="0" hostname="kh170_temp" name="com.michaels.mobile.test.TC57_HomePageTilesTest" tests="1" failures="0" timestamp="26 Sep 2018 18:17:26 GMT" time="49.256" errors="0">
  <testcase name="tc57_homePageTilesTest" time="49.256" classname="com.michaels.mobile.test.TC57_HomePageTilesTest"/>
</testsuite> <!-- com.michaels.mobile.test.TC57_HomePageTilesTest -->
