<?xml version="1.0" encoding="UTF-8"?>
<!-- Generated by org.testng.reporters.JUnitReportReporter -->
<testsuite hostname="kh170_temp" name="com.michaels.MichaelsTestAutomation.test.CreateAccountTest" tests="1" failures="0" timestamp="16 Aug 2018 11:31:52 GMT" time="46.495" errors="0">
  <testcase name="verify_AppGuideCreateAccount" time="46.495" classname="com.michaels.MichaelsTestAutomation.test.CreateAccountTest"/>
</testsuite> <!-- com.michaels.MichaelsTestAutomation.test.CreateAccountTest -->
