<?xml version="1.0" encoding="UTF-8"?>
<!-- Generated by org.testng.reporters.JUnitReportReporter -->
<testsuite hostname="kh170_temp" name="com.michaels.mobile.test.ProductsListPageTest" tests="1" failures="0" timestamp="4 Sep 2018 05:22:32 GMT" time="45.815" errors="0">
  <testcase name="verifyProductsListPage_TC18" time="45.815" classname="com.michaels.mobile.test.ProductsListPageTest"/>
</testsuite> <!-- com.michaels.mobile.test.ProductsListPageTest -->
